<?xml version="1.0" encoding="UTF-8"?>
<testng-results ignored="0" total="2" passed="2" failed="0" skipped="0">
  <reporter-output>
  </reporter-output>
  <suite started-at="2024-08-09T11:11:45 PST" name="Suite" finished-at="2024-08-09T11:12:10 PST" duration-ms="24705">
    <groups>
    </groups>
    <test started-at="2024-08-09T11:11:45 PST" name="ChromeTest" finished-at="2024-08-09T11:12:10 PST" duration-ms="24705">
      <class name="qa.tests.TestCase2">
        <test-method is-config="true" signature="beforeSuiteMethod()[pri:0, instance:qa.tests.TestCase2@367ffa75]" started-at="2024-08-09T11:11:40 PST" name="beforeSuiteMethod" finished-at="2024-08-09T11:11:45 PST" duration-ms="5568" status="PASS">
          <reporter-output>
          </reporter-output>
        </test-method> <!-- beforeSuiteMethod -->
        <test-method is-config="true" signature="initiateDriverInstance(java.lang.reflect.Method)[pri:0, instance:qa.tests.TestCase2@367ffa75]" started-at="2024-08-09T11:11:55 PST" name="initiateDriverInstance" finished-at="2024-08-09T11:12:03 PST" duration-ms="7904" status="PASS">
          <params>
            <param index="0">
              <value>
                <![CDATA[public void qa.tests.TestCase2.createAccount(java.lang.String,java.lang.String,java.lang.String) throws java.lang.Exception]]>
              </value>
            </param>
          </params>
          <reporter-output>
          </reporter-output>
        </test-method> <!-- initiateDriverInstance -->
        <test-method signature="createAccount(java.lang.String,java.lang.String,java.lang.String)[pri:0, instance:qa.tests.TestCase2@367ffa75]" started-at="2024-08-09T11:12:03 PST" name="createAccount" data-provider="Data" finished-at="2024-08-09T11:12:08 PST" duration-ms="5354" status="PASS">
          <params>
            <param index="0">
              <value>
                <![CDATA[fname1]]>
              </value>
            </param>
            <param index="1">
              <value>
                <![CDATA[lname1]]>
              </value>
            </param>
            <param index="2">
              <value>
                <![CDATA[123]]>
              </value>
            </param>
          </params>
          <reporter-output>
          </reporter-output>
        </test-method> <!-- createAccount -->
        <test-method is-config="true" signature="afterMethodMethod(org.testng.ITestResult)[pri:0, instance:qa.tests.TestCase2@367ffa75]" started-at="2024-08-09T11:12:08 PST" name="afterMethodMethod" finished-at="2024-08-09T11:12:08 PST" duration-ms="334" status="PASS">
          <params>
            <param index="0">
              <value>
                <![CDATA[[TestResult name=createAccount status=SUCCESS method=TestCase2.createAccount(java.lang.String,java.lang.String,java.lang.String)[pri:0, instance:qa.tests.TestCase2@367ffa75] output={null}]]]>
              </value>
            </param>
          </params>
          <reporter-output>
          </reporter-output>
        </test-method> <!-- afterMethodMethod -->
        <test-method is-config="true" signature="initiateDriverInstance(java.lang.reflect.Method)[pri:0, instance:qa.tests.TestCase2@367ffa75]" started-at="2024-08-09T11:12:08 PST" name="initiateDriverInstance" finished-at="2024-08-09T11:12:09 PST" duration-ms="825" status="PASS">
          <params>
            <param index="0">
              <value>
                <![CDATA[public void qa.tests.TestCase2.createAccount(java.lang.String,java.lang.String,java.lang.String) throws java.lang.Exception]]>
              </value>
            </param>
          </params>
          <reporter-output>
          </reporter-output>
        </test-method> <!-- initiateDriverInstance -->
        <test-method signature="createAccount(java.lang.String,java.lang.String,java.lang.String)[pri:0, instance:qa.tests.TestCase2@367ffa75]" started-at="2024-08-09T11:12:09 PST" name="createAccount" data-provider="Data" finished-at="2024-08-09T11:12:10 PST" duration-ms="889" status="PASS">
          <params>
            <param index="0">
              <value>
                <![CDATA[fname2]]>
              </value>
            </param>
            <param index="1">
              <value>
                <![CDATA[lname2]]>
              </value>
            </param>
            <param index="2">
              <value>
                <![CDATA[1234]]>
              </value>
            </param>
          </params>
          <reporter-output>
          </reporter-output>
        </test-method> <!-- createAccount -->
        <test-method is-config="true" signature="afterMethodMethod(org.testng.ITestResult)[pri:0, instance:qa.tests.TestCase2@367ffa75]" started-at="2024-08-09T11:12:10 PST" name="afterMethodMethod" finished-at="2024-08-09T11:12:10 PST" duration-ms="2" status="PASS">
          <params>
            <param index="0">
              <value>
                <![CDATA[[TestResult name=createAccount status=SUCCESS method=TestCase2.createAccount(java.lang.String,java.lang.String,java.lang.String)[pri:0, instance:qa.tests.TestCase2@367ffa75] output={null}]]]>
              </value>
            </param>
          </params>
          <reporter-output>
          </reporter-output>
        </test-method> <!-- afterMethodMethod -->
        <test-method is-config="true" signature="closeDriverInstance()[pri:0, instance:qa.tests.TestCase2@367ffa75]" started-at="2024-08-09T11:12:10 PST" name="closeDriverInstance" finished-at="2024-08-09T11:12:17 PST" duration-ms="6388" status="PASS">
          <reporter-output>
          </reporter-output>
        </test-method> <!-- closeDriverInstance -->
      </class> <!-- qa.tests.TestCase2 -->
    </test> <!-- ChromeTest -->
  </suite> <!-- Suite -->
</testng-results>
